#
# A fatal error has been detected by the Java Runtime Environment:
#
#  EXCEPTION_ACCESS_VIOLATION (0xc0000005) at pc=0x00007ffd9ffd4424, pid=8412, tid=27632
#
# JRE version: OpenJDK Runtime Environment (15.0.2+7) (build 15.0.2+7-27)
# Java VM: OpenJDK 64-Bit Server VM (15.0.2+7-27, mixed mode, tiered, compressed oops, g1 gc, windows-amd64)
# Problematic frame:
# V  [jvm.dll+0x684424]
#
# No core dump will be written. Minidumps are not enabled by default on client versions of Windows
#
# If you would like to submit a bug report, please visit:
#   https://bugreport.java.com/bugreport/crash.jsp
#

---------------  S U M M A R Y ------------

Command Line: -Dcom.sun.management.jmxremote -Dcom.sun.management.jmxremote.port=5267 -Dcom.sun.management.jmxremote.authenticate=false -Dcom.sun.management.jmxremote.ssl=false -Djava.rmi.server.hostname=localhost -Dspring.jmx.enabled=true -Dspring.application.admin.enabled=true -XX:TieredStopAtLevel=1 -Dspring.boot.project.name=customer-management-system -Dfile.encoding=UTF-8 -XX:+ShowCodeDetailsInExceptionMessages com.example.demo.CustomerManagementSystemApplication --spring.output.ansi.enabled=always

Host: AMD Ryzen 5 2600 Six-Core Processor            , 12 cores, 15G,  Windows 10 , 64 bit Build 19041 (10.0.19041.1645)
Time: Tue May  3 11:54:42 2022 ¶«²¿ÏÄÁîÊ± elapsed time: 3.284759 seconds (0d 0h 0m 3s)

---------------  T H R E A D  ---------------

Current thread (0x0000023243ea1fb0):  JavaThread "restartedMain" [_thread_in_vm, id=27632, stack(0x0000005b2d500000,0x0000005b2d600000)]

Stack: [0x0000005b2d500000,0x0000005b2d600000],  sp=0x0000005b2d5fa3f0,  free space=1000k
Native frames: (J=compiled Java code, j=interpreted, Vv=VM code, C=native code)
V  [jvm.dll+0x684424]
V  [jvm.dll+0x683cc0]
V  [jvm.dll+0x682bd1]
V  [jvm.dll+0x683a0f]
V  [jvm.dll+0x33af36]
V  [jvm.dll+0x339e78]
V  [jvm.dll+0x339e18]
V  [jvm.dll+0x521877]
V  [jvm.dll+0x521928]
V  [jvm.dll+0x34d0d0]
V  [jvm.dll+0x34cb72]
C  0x000002322681beaa

Java frames: (J=compiled Java code, j=interpreted, Vv=VM code)
j  org.hibernate.type.BasicTypeRegistry.<init>()V+175
j  org.hibernate.type.spi.TypeConfiguration.<init>()V+74
j  org.hibernate.boot.internal.BootstrapContextImpl.<init>(Lorg/hibernate/boot/registry/StandardServiceRegistry;Lorg/hibernate/boot/spi/MetadataBuildingOptions;)V+224
j  org.hibernate.boot.internal.MetadataBuilderImpl.<init>(Lorg/hibernate/boot/MetadataSources;Lorg/hibernate/boot/registry/StandardServiceRegistry;)V+31
j  org.hibernate.boot.MetadataSources.getMetadataBuilder(Lorg/hibernate/boot/registry/StandardServiceRegistry;)Lorg/hibernate/boot/MetadataBuilder;+6
j  org.hibernate.jpa.boot.internal.EntityManagerFactoryBuilderImpl.<init>(Lorg/hibernate/jpa/boot/spi/PersistenceUnitDescriptor;Ljava/util/Map;Ljava/lang/ClassLoader;Lorg/hibernate/boot/registry/classloading/spi/ClassLoaderService;)V+197
j  org.hibernate.jpa.boot.internal.EntityManagerFactoryBuilderImpl.<init>(Lorg/hibernate/jpa/boot/spi/PersistenceUnitDescriptor;Ljava/util/Map;)V+5
j  org.springframework.orm.jpa.vendor.SpringHibernateJpaPersistenceProvider.createContainerEntityManagerFactory(Ljavax/persistence/spi/PersistenceUnitInfo;Ljava/util/Map;)Ljavax/persistence/EntityManagerFactory;+52
j  org.springframework.orm.jpa.LocalContainerEntityManagerFactoryBean.createNativeEntityManagerFactory()Ljavax/persistence/EntityManagerFactory;+129
j  org.springframework.orm.jpa.AbstractEntityManagerFactoryBean.buildNativeEntityManagerFactory()Ljavax/persistence/EntityManagerFactory;+1
j  org.springframework.orm.jpa.AbstractEntityManagerFactoryBean.afterPropertiesSet()V+192
j  org.springframework.orm.jpa.LocalContainerEntityManagerFactoryBean.afterPropertiesSet()V+77
j  org.springframework.beans.factory.support.AbstractAutowireCapableBeanFactory.invokeInitMethods(Ljava/lang/String;Ljava/lang/Object;Lorg/springframework/beans/factory/support/RootBeanDefinition;)V+106
j  org.springframework.beans.factory.support.AbstractAutowireCapableBeanFactory.initializeBean(Ljava/lang/String;Ljava/lang/Object;Lorg/springframework/beans/factory/support/RootBeanDefinition;)Ljava/lang/Object;+59
j  org.springframework.beans.factory.support.AbstractAutowireCapableBeanFactory.doCreateBean(Ljava/lang/String;Lorg/springframework/beans/factory/support/RootBeanDefinition;[Ljava/lang/Object;)Ljava/lang/Object;+245
j  org.springframework.beans.factory.support.AbstractAutowireCapableBeanFactory.createBean(Ljava/lang/String;Lorg/springframework/beans/factory/support/RootBeanDefinition;[Ljava/lang/Object;)Ljava/lang/Object;+169
j  org.springframework.beans.factory.support.AbstractBeanFactory.lambda$doGetBean$0(Ljava/lang/String;Lorg/springframework/beans/factory/support/RootBeanDefinition;[Ljava/lang/Object;)Ljava/lang/Object;+4
j  org.springframework.beans.factory.support.AbstractBeanFactory$$Lambda$343+0x00000008002ce678.getObject()Ljava/lang/Object;+16
j  org.springframework.beans.factory.support.DefaultSingletonBeanRegistry.getSingleton(Ljava/lang/String;Lorg/springframework/beans/factory/ObjectFactory;)Ljava/lang/Object;+132
J 3073 c1 org.springframework.beans.factory.support.AbstractBeanFactory.doGetBean(Ljava/lang/String;Ljava/lang/Class;[Ljava/lang/Object;Z)Ljava/lang/Object; (832 bytes) @ 0x00000232273e1bf4 [0x00000232273e15a0+0x0000000000000654]
j  org.springframework.beans.factory.support.AbstractBeanFactory.getBean(Ljava/lang/String;)Ljava/lang/Object;+5
j  org.springframework.beans.factory.support.BeanDefinitionValueResolver.resolveReference(Ljava/lang/Object;Lorg/springframework/beans/factory/config/RuntimeBeanReference;)Ljava/lang/Object;+163
j  org.springframework.beans.factory.support.BeanDefinitionValueResolver.resolveValueIfNecessary(Ljava/lang/Object;Ljava/lang/Object;)Ljava/lang/Object;+15
j  org.springframework.beans.factory.support.ConstructorResolver.resolveConstructorArguments(Ljava/lang/String;Lorg/springframework/beans/factory/support/RootBeanDefinition;Lorg/springframework/beans/BeanWrapper;Lorg/springframework/beans/factory/config/ConstructorArgumentValues;Lorg/springframework/beans/factory/config/ConstructorArgumentValues;)I+194
j  org.springframework.beans.factory.support.ConstructorResolver.instantiateUsingFactoryMethod(Ljava/lang/String;Lorg/springframework/beans/factory/support/RootBeanDefinition;[Ljava/lang/Object;)Lorg/springframework/beans/BeanWrapper;+583
j  org.springframework.beans.factory.support.AbstractAutowireCapableBeanFactory.instantiateUsingFactoryMethod(Ljava/lang/String;Lorg/springframework/beans/factory/support/RootBeanDefinition;[Ljava/lang/Object;)Lorg/springframework/beans/BeanWrapper;+11
j  org.springframework.beans.factory.support.AbstractAutowireCapableBeanFactory.createBeanInstance(Ljava/lang/String;Lorg/springframework/beans/factory/support/RootBeanDefinition;[Ljava/lang/Object;)Lorg/springframework/beans/BeanWrapper;+102
j  org.springframework.beans.factory.support.AbstractAutowireCapableBeanFactory.doCreateBean(Ljava/lang/String;Lorg/springframework/beans/factory/support/RootBeanDefinition;[Ljava/lang/Object;)Ljava/lang/Object;+34
j  org.springframework.beans.factory.support.AbstractAutowireCapableBeanFactory.createBean(Ljava/lang/String;Lorg/springframework/beans/factory/support/RootBeanDefinition;[Ljava/lang/Object;)Ljava/lang/Object;+169
j  org.springframework.beans.factory.support.BeanDefinitionValueResolver.resolveInnerBean(Ljava/lang/Object;Ljava/lang/String;Lorg/springframework/beans/factory/config/BeanDefinition;)Ljava/lang/Object;+123
j  org.springframework.beans.factory.support.BeanDefinitionValueResolver.resolveValueIfNecessary(Ljava/lang/Object;Ljava/lang/Object;)Ljava/lang/Object;+159
j  org.springframework.beans.factory.support.AbstractAutowireCapableBeanFactory.applyPropertyValues(Ljava/lang/String;Lorg/springframework/beans/factory/config/BeanDefinition;Lorg/springframework/beans/BeanWrapper;Lorg/springframework/beans/PropertyValues;)V+308
j  org.springframework.beans.factory.support.AbstractAutowireCapableBeanFactory.populateBean(Ljava/lang/String;Lorg/springframework/beans/factory/support/RootBeanDefinition;Lorg/springframework/beans/BeanWrapper;)V+368
j  org.springframework.beans.factory.support.AbstractAutowireCapableBeanFactory.doCreateBean(Ljava/lang/String;Lorg/springframework/beans/factory/support/RootBeanDefinition;[Ljava/lang/Object;)Ljava/lang/Object;+237
j  org.springframework.beans.factory.support.AbstractAutowireCapableBeanFactory.createBean(Ljava/lang/String;Lorg/springframework/beans/factory/support/RootBeanDefinition;[Ljava/lang/Object;)Ljava/lang/Object;+169
j  org.springframework.beans.factory.support.AbstractBeanFactory.lambda$doGetBean$0(Ljava/lang/String;Lorg/springframework/beans/factory/support/RootBeanDefinition;[Ljava/lang/Object;)Ljava/lang/Object;+4
j  org.springframework.beans.factory.support.AbstractBeanFactory$$Lambda$343+0x00000008002ce678.getObject()Ljava/lang/Object;+16
j  org.springframework.beans.factory.support.DefaultSingletonBeanRegistry.getSingleton(Ljava/lang/String;Lorg/springframework/beans/factory/ObjectFactory;)Ljava/lang/Object;+132
J 3073 c1 org.springframework.beans.factory.support.AbstractBeanFactory.doGetBean(Ljava/lang/String;Ljava/lang/Class;[Ljava/lang/Object;Z)Ljava/lang/Object; (832 bytes) @ 0x00000232273e1bf4 [0x00000232273e15a0+0x0000000000000654]
j  org.springframework.beans.factory.support.AbstractBeanFactory.getBean(Ljava/lang/String;)Ljava/lang/Object;+5
j  org.springframework.beans.factory.config.DependencyDescriptor.resolveCandidate(Ljava/lang/String;Ljava/lang/Class;Lorg/springframework/beans/factory/BeanFactory;)Ljava/lang/Object;+2
j  org.springframework.beans.factory.support.DefaultListableBeanFactory.doResolveDependency(Lorg/springframework/beans/factory/config/DependencyDescriptor;Ljava/lang/String;Ljava/util/Set;Lorg/springframework/beans/TypeConverter;)Ljava/lang/Object;+440
j  org.springframework.beans.factory.support.DefaultListableBeanFactory.resolveDependency(Lorg/springframework/beans/factory/config/DependencyDescriptor;Ljava/lang/String;Ljava/util/Set;Lorg/springframework/beans/TypeConverter;)Ljava/lang/Object;+108
j  org.springframework.beans.factory.support.ConstructorResolver.resolveAutowiredArgument(Lorg/springframework/core/MethodParameter;Ljava/lang/String;Ljava/util/Set;Lorg/springframework/beans/TypeConverter;Z)Ljava/lang/Object;+79
j  org.springframework.beans.factory.support.ConstructorResolver.createArgumentArray(Ljava/lang/String;Lorg/springframework/beans/factory/support/RootBeanDefinition;Lorg/springframework/beans/factory/config/ConstructorArgumentValues;Lorg/springframework/beans/BeanWrapper;[Ljava/lang/Class;[Ljava/lang/String;Ljava/lang/reflect/Executable;ZZ)Lorg/springframework/beans/factory/support/ConstructorResolver$ArgumentsHolder;+434
j  org.springframework.beans.factory.support.ConstructorResolver.autowireConstructor(Ljava/lang/String;Lorg/springframework/beans/factory/support/RootBeanDefinition;[Ljava/lang/reflect/Constructor;[Ljava/lang/Object;)Lorg/springframework/beans/BeanWrapper;+545
j  org.springframework.beans.factory.support.AbstractAutowireCapableBeanFactory.autowireConstructor(Ljava/lang/String;Lorg/springframework/beans/factory/support/RootBeanDefinition;[Ljava/lang/reflect/Constructor;[Ljava/lang/Object;)Lorg/springframework/beans/BeanWrapper;+13
j  org.springframework.beans.factory.support.AbstractAutowireCapableBeanFactory.createBeanInstance(Ljava/lang/String;Lorg/springframework/beans/factory/support/RootBeanDefinition;[Ljava/lang/Object;)Lorg/springframework/beans/BeanWrapper;+222
j  org.springframework.beans.factory.support.AbstractAutowireCapableBeanFactory.doCreateBean(Ljava/lang/String;Lorg/springframework/beans/factory/support/RootBeanDefinition;[Ljava/lang/Object;)Ljava/lang/Object;+34
j  org.springframework.beans.factory.support.AbstractAutowireCapableBeanFactory.createBean(Ljava/lang/String;Lorg/springframework/beans/factory/support/RootBeanDefinition;[Ljava/lang/Object;)Ljava/lang/Object;+169
j  org.springframework.beans.factory.support.AbstractBeanFactory.lambda$doGetBean$0(Ljava/lang/String;Lorg/springframework/beans/factory/support/RootBeanDefinition;[Ljava/lang/Object;)Ljava/lang/Object;+4
j  org.springframework.beans.factory.support.AbstractBeanFactory$$Lambda$343+0x00000008002ce678.getObject()Ljava/lang/Object;+16
j  org.springframework.beans.factory.support.DefaultSingletonBeanRegistry.getSingleton(Ljava/lang/String;Lorg/springframework/beans/factory/ObjectFactory;)Ljava/lang/Object;+132
J 3073 c1 org.springframework.beans.factory.support.AbstractBeanFactory.doGetBean(Ljava/lang/String;Ljava/lang/Class;[Ljava/lang/Object;Z)Ljava/lang/Object; (832 bytes) @ 0x00000232273e1bf4 [0x00000232273e15a0+0x0000000000000654]
j  org.springframework.beans.factory.support.AbstractBeanFactory.getBean(Ljava/lang/String;)Ljava/lang/Object;+5
j  org.springframework.beans.factory.support.ConstructorResolver.instantiateUsingFactoryMethod(Ljava/lang/String;Lorg/springframework/beans/factory/support/RootBeanDefinition;[Ljava/lang/Object;)Lorg/springframework/beans/BeanWrapper;+59
j  org.springframework.beans.factory.support.AbstractAutowireCapableBeanFactory.instantiateUsingFactoryMethod(Ljava/lang/String;Lorg/springframework/beans/factory/support/RootBeanDefinition;[Ljava/lang/Object;)Lorg/springframework/beans/BeanWrapper;+11
j  org.springframework.beans.factory.support.AbstractAutowireCapableBeanFactory.createBeanInstance(Ljava/lang/String;Lorg/springframework/beans/factory/support/RootBeanDefinition;[Ljava/lang/Object;)Lorg/springframework/beans/BeanWrapper;+102
j  org.springframework.beans.factory.support.AbstractAutowireCapableBeanFactory.doCreateBean(Ljava/lang/String;Lorg/springframework/beans/factory/support/RootBeanDefinition;[Ljava/lang/Object;)Ljava/lang/Object;+34
j  org.springframework.beans.factory.support.AbstractAutowireCapableBeanFactory.createBean(Ljava/lang/String;Lorg/springframework/beans/factory/support/RootBeanDefinition;[Ljava/lang/Object;)Ljava/lang/Object;+169
j  org.springframework.beans.factory.support.AbstractBeanFactory.lambda$doGetBean$0(Ljava/lang/String;Lorg/springframework/beans/factory/support/RootBeanDefinition;[Ljava/lang/Object;)Ljava/lang/Object;+4
j  org.springframework.beans.factory.support.AbstractBeanFactory$$Lambda$343+0x00000008002ce678.getObject()Ljava/lang/Object;+16
j  org.springframework.beans.factory.support.DefaultSingletonBeanRegistry.getSingleton(Ljava/lang/String;Lorg/springframework/beans/factory/ObjectFactory;)Ljava/lang/Object;+132
J 3073 c1 org.springframework.beans.factory.support.AbstractBeanFactory.doGetBean(Ljava/lang/String;Ljava/lang/Class;[Ljava/lang/Object;Z)Ljava/lang/Object; (832 bytes) @ 0x00000232273e1bf4 [0x00000232273e15a0+0x0000000000000654]
J 2551 c1 org.springframework.beans.factory.support.AbstractBeanFactory.getBean(Ljava/lang/String;Ljava/lang/Class;)Ljava/lang/Object; (9 bytes) @ 0x0000023227305164 [0x0000023227305120+0x0000000000000044]
j  org.springframework.context.support.PostProcessorRegistrationDelegate.registerBeanPostProcessors(Lorg/springframework/beans/factory/config/ConfigurableListableBeanFactory;Lorg/springframework/context/support/AbstractApplicationContext;)V+369
j  org.springframework.context.support.AbstractApplicationContext.registerBeanPostProcessors(Lorg/springframework/beans/factory/config/ConfigurableListableBeanFactory;)V+2
j  org.springframework.context.support.AbstractApplicationContext.refresh()V+58
j  org.springframework.boot.web.servlet.context.ServletWebServerApplicationContext.refresh()V+1
j  org.springframework.boot.SpringApplication.refresh(Lorg/springframework/context/ConfigurableApplicationContext;)V+1
j  org.springframework.boot.SpringApplication.refreshContext(Lorg/springframework/context/ConfigurableApplicationContext;)V+16
j  org.springframework.boot.SpringApplication.run([Ljava/lang/String;)Lorg/springframework/context/ConfigurableApplicationContext;+107
j  org.springframework.boot.SpringApplication.run([Ljava/lang/Class;[Ljava/lang/String;)Lorg/springframework/context/ConfigurableApplicationContext;+9
j  org.springframework.boot.SpringApplication.run(Ljava/lang/Class;[Ljava/lang/String;)Lorg/springframework/context/ConfigurableApplicationContext;+9
j  com.example.demo.CustomerManagementSystemApplication.main([Ljava/lang/String;)V+3
v  ~StubRoutines::call_stub
j  jdk.internal.reflect.NativeMethodAccessorImpl.invoke0(Ljava/lang/reflect/Method;Ljava/lang/Object;[Ljava/lang/Object;)Ljava/lang/Object;+0 java.base@15.0.2
j  jdk.internal.reflect.NativeMethodAccessorImpl.invoke(Ljava/lang/Object;[Ljava/lang/Object;)Ljava/lang/Object;+113 java.base@15.0.2
j  jdk.internal.reflect.DelegatingMethodAccessorImpl.invoke(Ljava/lang/Object;[Ljava/lang/Object;)Ljava/lang/Object;+6 java.base@15.0.2
j  java.lang.reflect.Method.invoke(Ljava/lang/Object;[Ljava/lang/Object;)Ljava/lang/Object;+59 java.base@15.0.2
j  org.springframework.boot.devtools.restart.RestartLauncher.run()V+42
v  ~StubRoutines::call_stub

siginfo: EXCEPTION_ACCESS_VIOLATION (0xc0000005), reading address 0x00000000000000cb


Register to memory mapping:

RIP=0x00007ffd9ffd4424 jvm.dll
RAX=0x0000000000000004 is an unknown value
RBX=0x0000000000023247 is an unknown value
RCX=0x00007ffd9ffd441c jvm.dll
RDX=0x00007ffd9f950000 jvm.dll
RSP=0x0000005b2d5fa3f0 is pointing into the stack for thread: 0x0000023243ea1fb0
RBP=0x0 is NULL
RSI=0x0000000000000003 is an unknown value
RDI=0x0000023247714f01 is pointing into metadata
R8 =0x0000000000000005 is an unknown value
R9 =0x0000000000000003 is an unknown value
R10=0x0000023247714efd is pointing into metadata
R11=0x0000005b2d5fa498 is pointing into the stack for thread: 0x0000023243ea1fb0
R12=0x0000000000000009 is an unknown value
R13=0x0000005b2d5fa6d0 is pointing into the stack for thread: 0x0000023243ea1fb0
R14={method} {0x0000023247714f50} 'objectToSQLString' '(Ljava/time/OffsetDateTime;Lorg/hibernate/dialect/Dialect;)Ljava/lang/String;' in 'org/hibernate/type/OffsetDateTimeType'
R15=0x0 is NULL


Registers:
RAX=0x0000000000000004, RBX=0x0000000000023247, RCX=0x00007ffd9ffd441c, RDX=0x00007ffd9f950000
RSP=0x0000005b2d5fa3f0, RBP=0x0000000000000000, RSI=0x0000000000000003, RDI=0x0000023247714f01
R8 =0x0000000000000005, R9 =0x0000000000000003, R10=0x0000023247714efd, R11=0x0000005b2d5fa498
R12=0x0000000000000009, R13=0x0000005b2d5fa6d0, R14=0x0000023247714f48, R15=0x0000000000000000
RIP=0x00007ffd9ffd4424, EFLAGS=0x0000000000010202

Top of Stack: (sp=0x0000005b2d5fa3f0)
0x0000005b2d5fa3f0:   0000005b2d5fa730 0000005b2d5fa6d0
0x0000005b2d5fa400:   0000000000000000 0000000000000000
0x0000005b2d5fa410:   0000000043081b00 00007ffd0000001f
0x0000005b2d5fa420:   0000000000000000 0000023247714ef8
0x0000005b2d5fa430:   0000000000000000 0000000000000000
0x0000005b2d5fa440:   0000023243ea1fb0 00007ffd9ffd3069
0x0000005b2d5fa450:   0000005b2d5fa6d0 0000005b2d5fa518
0x0000005b2d5fa460:   0000005b2d5fa770 0000023243ea1fb0
0x0000005b2d5fa470:   000002324209acc8 00000000000003d8
0x0000005b2d5fa480:   0000000000000009 0000005b2d5fa6d0
0x0000005b2d5fa490:   0000005b2d5fa6d0 00007ffd9ffd3cc0
0x0000005b2d5fa4a0:   0000005b2d5fa518 0000023243ea1fb0
0x0000005b2d5fa4b0:   0000023247714f48 0000000000000000
0x0000005b2d5fa4c0:   0000005b2d5fa550 0000000000000000
0x0000005b2d5fa4d0:   0000000000000000 0000000000000000
0x0000005b2d5fa4e0:   0000000000000000 0000000000000000 

Instructions: (pc=0x00007ffd9ffd4424)
0x00007ffd9ffd4324:   a5 b8 ff 48 8b 4c 24 40 8b d0 e8 ad af b8 ff 49
0x00007ffd9ffd4334:   39 46 18 0f 85 cb 00 00 00 48 8b 4c 24 40 45 33
0x00007ffd9ffd4344:   c0 8b d5 e8 34 a6 b8 ff 48 8b 4c 24 40 45 33 c0
0x00007ffd9ffd4354:   8b d5 48 8b d8 e8 52 a6 b8 ff 4d 8b 16 4c 8d 4c
0x00007ffd9ffd4364:   24 50 0f 57 c0 c7 44 24 50 00 00 00 00 4c 8b c0
0x00007ffd9ffd4374:   48 8b d3 49 8b ce f3 0f 7f 44 24 58 41 ff 92 b8
0x00007ffd9ffd4384:   00 00 00 48 8b 9c 24 c0 00 00 00 48 85 c0 74 57
0x00007ffd9ffd4394:   8b 44 24 50 8b c8 c1 e9 04 f6 c1 01 74 49 c1 e8
0x00007ffd9ffd43a4:   03 48 8b cb a8 01 74 55 e8 ef 9f f5 ff 84 c0 75
0x00007ffd9ffd43b4:   36 ba 00 01 00 00 48 8d 4c 24 50 e8 ec 90 98 ff
0x00007ffd9ffd43c4:   8b 44 24 54 8d 0c 40 48 8b 44 24 58 03 c9 4c 63
0x00007ffd9ffd43d4:   c1 48 8b 48 18 0f b7 44 24 50 48 8b 91 c0 01 00
0x00007ffd9ffd43e4:   00 66 42 89 44 42 04 48 8d 4c 24 58 e8 bb 00 c9
0x00007ffd9ffd43f4:   ff 48 8d 4c 24 40 e8 b1 00 c9 ff eb 23 e8 7a 9f
0x00007ffd9ffd4404:   f5 ff eb a9 48 8b 9c 24 c0 00 00 00 48 8d 4c 24
0x00007ffd9ffd4414:   40 e8 96 00 c9 ff eb 08 48 8b 9c 24 c0 00 00 00
0x00007ffd9ffd4424:   44 0f b6 8c 24 c8 00 00 00 45 8d 47 01 48 8b d7
0x00007ffd9ffd4434:   49 8b cd e8 64 fb ff ff e9 2f fe ff ff 44 0f b6
0x00007ffd9ffd4444:   8c 24 c8 00 00 00 45 8d 47 01 48 8b d7 49 8b cd
0x00007ffd9ffd4454:   e8 a7 f9 ff ff e9 0a fe ff ff 80 bc 24 c8 00 00
0x00007ffd9ffd4464:   00 00 75 5c 49 8b 45 08 0f b6 54 2f 01 8b da 48
0x00007ffd9ffd4474:   8b 48 08 0f b6 44 11 04 8d 48 f1 80 f9 01 76 2d
0x00007ffd9ffd4484:   3c 08 74 29 3c 11 0f 85 d8 fd ff ff 49 8b 4d 08
0x00007ffd9ffd4494:   41 b0 01 e8 14 a5 b8 ff 0f be 48 06 e8 2b 32 02
0x00007ffd9ffd44a4:   00 83 c0 f4 83 f8 01 0f 87 b7 fd ff ff 49 8b 45
0x00007ffd9ffd44b4:   78 8b 0c 98 c6 07 e6 88 4c 2f 01 e9 a4 fd ff ff
0x00007ffd9ffd44c4:   80 3f e6 48 8b 9c 24 c0 00 00 00 0f 85 9b fd ff
0x00007ffd9ffd44d4:   ff 0f b6 4c 2f 01 49 8b 85 98 00 00 00 8b 14 88
0x00007ffd9ffd44e4:   c6 07 12 88 54 2f 01 e9 80 fd ff ff 80 bc 24 c8
0x00007ffd9ffd44f4:   00 00 00 00 75 64 0f b7 44 2f 01 66 c1 c8 08 0f
0x00007ffd9ffd4504:   b7 d0 49 8b 45 08 8b da 48 8b 48 08 0f b6 44 11
0x00007ffd9ffd4514:   04 8d 48 f1 80 f9 01 76 2d 3c 08 74 29 3c 11 0f 


Stack slot to memory mapping:
stack at sp + 0 slots: 0x0000005b2d5fa730 is pointing into the stack for thread: 0x0000023243ea1fb0
stack at sp + 1 slots: 0x0000005b2d5fa6d0 is pointing into the stack for thread: 0x0000023243ea1fb0
stack at sp + 2 slots: 0x0 is NULL
stack at sp + 3 slots: 0x0 is NULL
stack at sp + 4 slots: 0x0000000043081b00 is an unknown value
stack at sp + 5 slots: 0x00007ffd0000001f is an unknown value
stack at sp + 6 slots: 0x0 is NULL
stack at sp + 7 slots: 0x0000023247714ef8 is pointing into metadata


---------------  P R O C E S S  ---------------

Threads class SMR info:
_java_thread_list=0x00000232449054b0, length=24, elements={
0x0000023222df6a10, 0x00000232429ff140, 0x0000023242a01c30, 0x0000023242a33530,
0x0000023242a33ef0, 0x0000023242a368c0, 0x0000023242a39aa0, 0x0000023242a3f8b0,
0x000002324215c5f0, 0x0000023242c0ddb0, 0x00000232431d1800, 0x00000232431eac40,
0x00000232431ec530, 0x0000023243e20840, 0x0000023243ea1fb0, 0x0000023243f54030,
0x0000023243fd9de0, 0x0000023243fe66f0, 0x0000023243ff8790, 0x00000232448173a0,
0x0000023244817870, 0x0000023244816a00, 0x0000023244819a20, 0x0000023244819080
}

Java Threads: ( => current thread )
  0x0000023222df6a10 JavaThread "main" [_thread_blocked, id=27828, stack(0x0000005b2b900000,0x0000005b2ba00000)]
  0x00000232429ff140 JavaThread "Reference Handler" daemon [_thread_blocked, id=5680, stack(0x0000005b2c000000,0x0000005b2c100000)]
  0x0000023242a01c30 JavaThread "Finalizer" daemon [_thread_blocked, id=18956, stack(0x0000005b2c100000,0x0000005b2c200000)]
  0x0000023242a33530 JavaThread "Signal Dispatcher" daemon [_thread_blocked, id=25764, stack(0x0000005b2c200000,0x0000005b2c300000)]
  0x0000023242a33ef0 JavaThread "Attach Listener" daemon [_thread_blocked, id=27600, stack(0x0000005b2c300000,0x0000005b2c400000)]
  0x0000023242a368c0 JavaThread "Service Thread" daemon [_thread_blocked, id=17384, stack(0x0000005b2c400000,0x0000005b2c500000)]
  0x0000023242a39aa0 JavaThread "C1 CompilerThread0" daemon [_thread_blocked, id=20316, stack(0x0000005b2c500000,0x0000005b2c600000)]
  0x0000023242a3f8b0 JavaThread "Sweeper thread" daemon [_thread_blocked, id=14860, stack(0x0000005b2c600000,0x0000005b2c700000)]
  0x000002324215c5f0 JavaThread "Common-Cleaner" daemon [_thread_blocked, id=26748, stack(0x0000005b2c700000,0x0000005b2c800000)]
  0x0000023242c0ddb0 JavaThread "Notification Thread" daemon [_thread_blocked, id=18848, stack(0x0000005b2c800000,0x0000005b2c900000)]
  0x00000232431d1800 JavaThread "RMI TCP Accept-0" daemon [_thread_in_native, id=27044, stack(0x0000005b2c900000,0x0000005b2ca00000)]
  0x00000232431eac40 JavaThread "RMI TCP Accept-5267" daemon [_thread_in_native, id=1228, stack(0x0000005b2ca00000,0x0000005b2cb00000)]
  0x00000232431ec530 JavaThread "RMI TCP Accept-0" daemon [_thread_in_native, id=10284, stack(0x0000005b2cb00000,0x0000005b2cc00000)]
  0x0000023243e20840 JavaThread "Thread-0" [_thread_blocked, id=12892, stack(0x0000005b2d400000,0x0000005b2d500000)]
=>0x0000023243ea1fb0 JavaThread "restartedMain" [_thread_in_vm, id=27632, stack(0x0000005b2d500000,0x0000005b2d600000)]
  0x0000023243f54030 JavaThread "RMI TCP Connection(1)-127.0.0.1" daemon [_thread_in_native, id=27688, stack(0x0000005b2d600000,0x0000005b2d700000)]
  0x0000023243fd9de0 JavaThread "RMI Scheduler(0)" daemon [_thread_blocked, id=9820, stack(0x0000005b2d700000,0x0000005b2d800000)]
  0x0000023243fe66f0 JavaThread "RMI TCP Connection(2)-127.0.0.1" daemon [_thread_in_native, id=14088, stack(0x0000005b2d800000,0x0000005b2d900000)]
  0x0000023243ff8790 JavaThread "JMX server connection timeout 24" daemon [_thread_blocked, id=10060, stack(0x0000005b2d900000,0x0000005b2da00000)]
  0x00000232448173a0 JavaThread "RMI TCP Connection(3)-127.0.0.1" daemon [_thread_in_native, id=28444, stack(0x0000005b2da00000,0x0000005b2db00000)]
  0x0000023244817870 JavaThread "JMX server connection timeout 29" daemon [_thread_blocked, id=4152, stack(0x0000005b2df00000,0x0000005b2e000000)]
  0x0000023244816a00 JavaThread "mysql-cj-abandoned-connection-cleanup" daemon [_thread_blocked, id=11652, stack(0x0000005b2e000000,0x0000005b2e100000)]
  0x0000023244819a20 JavaThread "HikariPool-1 housekeeper" daemon [_thread_blocked, id=28304, stack(0x0000005b2e200000,0x0000005b2e300000)]
  0x0000023244819080 JavaThread "HikariPool-1 connection adder" daemon [_thread_blocked, id=17468, stack(0x0000005b2e300000,0x0000005b2e400000)]

Other Threads:
  0x00000232429c4910 VMThread "VM Thread" [stack: 0x0000005b2bf00000,0x0000005b2c000000] [id=22996]
  0x00000232431d1cd0 WatcherThread [stack: 0x0000005b2cc00000,0x0000005b2cd00000] [id=27972]
  0x0000023222e45270 GCTaskThread "GC Thread#0" [stack: 0x0000005b2ba00000,0x0000005b2bb00000] [id=19776]
  0x0000023243e2b5f0 GCTaskThread "GC Thread#1" [stack: 0x0000005b2cd00000,0x0000005b2ce00000] [id=6812]
  0x0000023243e2a930 GCTaskThread "GC Thread#2" [stack: 0x0000005b2ce00000,0x0000005b2cf00000] [id=22440]
  0x0000023243e29c70 GCTaskThread "GC Thread#3" [stack: 0x0000005b2cf00000,0x0000005b2d000000] [id=28528]
  0x0000023243e2bc50 GCTaskThread "GC Thread#4" [stack: 0x0000005b2d000000,0x0000005b2d100000] [id=27640]
  0x0000023243e2ac60 GCTaskThread "GC Thread#5" [stack: 0x0000005b2d100000,0x0000005b2d200000] [id=7664]
  0x0000023243e2c2b0 GCTaskThread "GC Thread#6" [stack: 0x0000005b2db00000,0x0000005b2dc00000] [id=23924]
  0x0000023243e29610 GCTaskThread "GC Thread#7" [stack: 0x0000005b2dc00000,0x0000005b2dd00000] [id=29564]
  0x0000023222e56af0 ConcurrentGCThread "G1 Main Marker" [stack: 0x0000005b2bb00000,0x0000005b2bc00000] [id=25868]
  0x0000023222e57670 ConcurrentGCThread "G1 Conc#0" [stack: 0x0000005b2bc00000,0x0000005b2bd00000] [id=24988]
  0x0000023243e28fb0 ConcurrentGCThread "G1 Conc#1" [stack: 0x0000005b2dd00000,0x0000005b2de00000] [id=10400]
  0x0000023243e2c5e0 ConcurrentGCThread "G1 Conc#2" [stack: 0x0000005b2de00000,0x0000005b2df00000] [id=3780]
  0x0000023241ff24d0 ConcurrentGCThread "G1 Refine#0" [stack: 0x0000005b2bd00000,0x0000005b2be00000] [id=11292]
  0x0000023243e21880 ConcurrentGCThread "G1 Refine#1" [stack: 0x0000005b2d200000,0x0000005b2d300000] [id=19468]
  0x0000023243db6de0 ConcurrentGCThread "G1 Refine#2" [stack: 0x0000005b2d300000,0x0000005b2d400000] [id=21344]
  0x0000023241ff2d80 ConcurrentGCThread "G1 Young RemSet Sampling" [stack: 0x0000005b2be00000,0x0000005b2bf00000] [id=29444]

Threads with active compile tasks:

VM state: not at safepoint (normal execution)

VM Mutex/Monitor currently owned by a thread: None

Heap address: 0x0000000701000000, size: 4080 MB, Compressed Oops mode: Zero based, Oop shift amount: 3
CDS disabled.
Compressed class space mapped at: 0x0000000800000000-0x0000000840000000, size: 1073741824
Narrow klass base: 0x0000000800000000, Narrow klass shift: 0, Narrow klass range: 0x40000000

GC Precious Log:
 CPUs: 12 total, 12 available
 Memory: 16316M
 Large Page Support: Disabled
 NUMA Support: Disabled
 Compressed Oops: Enabled (Zero based)
 Heap Region Size: 2M
 Heap Min Capacity: 8M
 Heap Initial Capacity: 256M
 Heap Max Capacity: 4080M
 Pre-touch: Disabled
 Parallel Workers: 10
 Concurrent Workers: 3
 Concurrent Refinement Workers: 10
 Periodic GC: Disabled

Heap:
 garbage-first heap   total 75776K, used 51498K [0x0000000701000000, 0x0000000800000000)
  region size 2048K, 22 young (45056K), 4 survivors (8192K)
 Metaspace       used 42964K, capacity 43617K, committed 43904K, reserved 1087488K
  class space    used 5426K, capacity 5642K, committed 5760K, reserved 1048576K

Heap Regions: E=young(eden), S=young(survivor), O=old, HS=humongous(starts), HC=humongous(continues), CS=collection set, F=free, OA=open archive, CA=closed archive, TAMS=top-at-mark-start (previous, next)
|   0|0x0000000701000000, 0x0000000701200000, 0x0000000701200000|100%| O|  |TAMS 0x0000000701200000, 0x0000000701000000| Untracked 
|   1|0x0000000701200000, 0x0000000701400000, 0x0000000701400000|100%| O|  |TAMS 0x0000000701400000, 0x0000000701200000| Untracked 
|   2|0x0000000701400000, 0x0000000701600000, 0x0000000701600000|100%| O|  |TAMS 0x0000000701600000, 0x0000000701400000| Untracked 
|   3|0x0000000701600000, 0x0000000701710c00, 0x0000000701800000| 53%| O|  |TAMS 0x0000000701710c00, 0x0000000701600000| Untracked 
|   4|0x0000000701800000, 0x0000000701a00000, 0x0000000701a00000|100%| O|  |TAMS 0x0000000701a00000, 0x0000000701800000| Untracked 
|   5|0x0000000701a00000, 0x0000000701ac9000, 0x0000000701c00000| 39%| O|  |TAMS 0x0000000701ac9000, 0x0000000701a00000| Untracked 
|   6|0x0000000701c00000, 0x0000000701c00000, 0x0000000701e00000|  0%| F|  |TAMS 0x0000000701c00000, 0x0000000701c00000| Untracked 
|   7|0x0000000701e00000, 0x0000000701e00000, 0x0000000702000000|  0%| F|  |TAMS 0x0000000701e00000, 0x0000000701e00000| Untracked 
|   8|0x0000000702000000, 0x0000000702000000, 0x0000000702200000|  0%| F|  |TAMS 0x0000000702000000, 0x0000000702000000| Untracked 
|   9|0x0000000702200000, 0x0000000702200000, 0x0000000702400000|  0%| F|  |TAMS 0x0000000702200000, 0x0000000702200000| Untracked 
|  10|0x0000000702400000, 0x0000000702400000, 0x0000000702600000|  0%| F|  |TAMS 0x0000000702400000, 0x0000000702400000| Untracked 
|  11|0x0000000702600000, 0x0000000702600000, 0x0000000702800000|  0%| F|  |TAMS 0x0000000702600000, 0x0000000702600000| Untracked 
|  12|0x0000000702800000, 0x0000000702800000, 0x0000000702a00000|  0%| F|  |TAMS 0x0000000702800000, 0x0000000702800000| Untracked 
|  13|0x0000000702a00000, 0x0000000702a00000, 0x0000000702c00000|  0%| F|  |TAMS 0x0000000702a00000, 0x0000000702a00000| Untracked 
|  14|0x0000000702c00000, 0x0000000702c00000, 0x0000000702e00000|  0%| F|  |TAMS 0x0000000702c00000, 0x0000000702c00000| Untracked 
|  15|0x0000000702e00000, 0x0000000702f90780, 0x0000000703000000| 78%| E|  |TAMS 0x0000000702e00000, 0x0000000702e00000| Complete 
|  16|0x0000000703000000, 0x0000000703200000, 0x0000000703200000|100%| E|CS|TAMS 0x0000000703000000, 0x0000000703000000| Complete 
|  17|0x0000000703200000, 0x0000000703400000, 0x0000000703400000|100%| E|CS|TAMS 0x0000000703200000, 0x0000000703200000| Complete 
|  18|0x0000000703400000, 0x0000000703600000, 0x0000000703600000|100%| E|CS|TAMS 0x0000000703400000, 0x0000000703400000| Complete 
|  19|0x0000000703600000, 0x0000000703800000, 0x0000000703800000|100%| E|CS|TAMS 0x0000000703600000, 0x0000000703600000| Complete 
|  20|0x0000000703800000, 0x0000000703a00000, 0x0000000703a00000|100%| E|CS|TAMS 0x0000000703800000, 0x0000000703800000| Complete 
|  21|0x0000000703a00000, 0x0000000703c00000, 0x0000000703c00000|100%| E|CS|TAMS 0x0000000703a00000, 0x0000000703a00000| Complete 
|  22|0x0000000703c00000, 0x0000000703e00000, 0x0000000703e00000|100%| E|CS|TAMS 0x0000000703c00000, 0x0000000703c00000| Complete 
|  23|0x0000000703e00000, 0x0000000704000000, 0x0000000704000000|100%| E|CS|TAMS 0x0000000703e00000, 0x0000000703e00000| Complete 
|  24|0x0000000704000000, 0x0000000704200000, 0x0000000704200000|100%| E|CS|TAMS 0x0000000704000000, 0x0000000704000000| Complete 
|  25|0x0000000704200000, 0x0000000704400000, 0x0000000704400000|100%| E|CS|TAMS 0x0000000704200000, 0x0000000704200000| Complete 
|  26|0x0000000704400000, 0x0000000704600000, 0x0000000704600000|100%| E|CS|TAMS 0x0000000704400000, 0x0000000704400000| Complete 
|  27|0x0000000704600000, 0x0000000704800000, 0x0000000704800000|100%| E|CS|TAMS 0x0000000704600000, 0x0000000704600000| Complete 
|  28|0x0000000704800000, 0x0000000704a00000, 0x0000000704a00000|100%| E|CS|TAMS 0x0000000704800000, 0x0000000704800000| Complete 
|  29|0x0000000704a00000, 0x0000000704c00000, 0x0000000704c00000|100%| E|CS|TAMS 0x0000000704a00000, 0x0000000704a00000| Complete 
|  30|0x0000000704c00000, 0x0000000704e00000, 0x0000000704e00000|100%| E|CS|TAMS 0x0000000704c00000, 0x0000000704c00000| Complete 
|  31|0x0000000704e00000, 0x0000000705000000, 0x0000000705000000|100%| E|CS|TAMS 0x0000000704e00000, 0x0000000704e00000| Complete 
|  41|0x0000000706200000, 0x0000000706270ce0, 0x0000000706400000| 22%| S|CS|TAMS 0x0000000706200000, 0x0000000706200000| Complete 
|  42|0x0000000706400000, 0x0000000706600000, 0x0000000706600000|100%| S|CS|TAMS 0x0000000706400000, 0x0000000706400000| Complete 
|  43|0x0000000706600000, 0x0000000706800000, 0x0000000706800000|100%| S|CS|TAMS 0x0000000706600000, 0x0000000706600000| Complete 
|  44|0x0000000706800000, 0x0000000706a00000, 0x0000000706a00000|100%| S|CS|TAMS 0x0000000706800000, 0x0000000706800000| Complete 
| 127|0x0000000710e00000, 0x0000000711000000, 0x0000000711000000|100%| E|CS|TAMS 0x0000000710e00000, 0x0000000710e00000| Complete 

Card table byte_map: [0x0000023236550000,0x0000023236d50000] _byte_map_base: 0x0000023232d48000

Marking Bits (Prev, Next): (CMBitMap*) 0x0000023222e459f0, (CMBitMap*) 0x0000023222e45a30
 Prev Bits: [0x0000023237550000, 0x000002323b510000)
 Next Bits: [0x000002323b510000, 0x000002323f4d0000)

Polling page: 0x0000023220d70000

Metaspace:

Usage:
  Non-class:     37.08 MB capacity,    36.66 MB ( 99%) used,   373.69 KB ( <1%) free+waste,    63.44 KB ( <1%) overhead. 
      Class:      5.51 MB capacity,     5.30 MB ( 96%) used,   189.73 KB (  3%) free+waste,    25.38 KB ( <1%) overhead. 
       Both:     42.59 MB capacity,    41.96 MB ( 99%) used,   563.42 KB (  1%) free+waste,    88.81 KB ( <1%) overhead. 

Virtual space:
  Non-class space:       38.00 MB reserved,      37.25 MB ( 98%) committed 
      Class space:        1.00 GB reserved,       5.62 MB ( <1%) committed 
             Both:        1.04 GB reserved,      42.88 MB (  4%) committed 

Chunk freelists:
   Non-Class:  41.00 KB
       Class:  22.00 KB
        Both:  63.00 KB

MaxMetaspaceSize: 17179869184.00 GB
CompressedClassSpaceSize: 1.00 GB

CodeHeap 'non-profiled nmethods': size=238336Kb used=6317Kb max_used=6317Kb free=232018Kb
 bounds [0x0000023226f40000, 0x0000023227570000, 0x0000023235800000]
CodeHeap 'non-nmethods': size=7424Kb used=1237Kb max_used=1237Kb free=6186Kb
 bounds [0x0000023226800000, 0x0000023226a70000, 0x0000023226f40000]
 total_blobs=4494 nmethods=3979 adapters=442
 compilation: enabled
              stopped_count=0, restarted_count=0
 full_count=0

Compilation events (20 events):
Event: 2.982 Thread 0x0000023242a39aa0 3970       1       ch.qos.logback.classic.Logger::createChildByName (128 bytes)
Event: 2.983 Thread 0x0000023242a39aa0 nmethod 3970 0x0000023227564b90 code [0x0000023227564e00, 0x00000232275657b8]
Event: 3.077 Thread 0x0000023242a39aa0 3971       1       java.lang.reflect.ProxyGenerator::generateClassFile (277 bytes)
Event: 3.078 Thread 0x0000023242a39aa0 nmethod 3971 0x0000023227565b90 code [0x0000023227565f40, 0x0000023227566a58]
Event: 3.109 Thread 0x0000023242a39aa0 3972   !   1       java.util.AbstractList$Itr::next (46 bytes)
Event: 3.109 Thread 0x0000023242a39aa0 nmethod 3972 0x0000023227567190 code [0x0000023227567380, 0x0000023227567718]
Event: 3.109 Thread 0x0000023242a39aa0 3973       1       java.util.AbstractList$Itr::checkForComodification (23 bytes)
Event: 3.110 Thread 0x0000023242a39aa0 nmethod 3973 0x0000023227567990 code [0x0000023227567b40, 0x0000023227567cc8]
Event: 3.151 Thread 0x0000023242a39aa0 3974   !   1       java.io.ObjectInputStream$BlockDataInputStream::readUTFSpan (502 bytes)
Event: 3.152 Thread 0x0000023242a39aa0 nmethod 3974 0x0000023227567d90 code [0x0000023227567fe0, 0x0000023227568848]
Event: 3.178 Thread 0x0000023242a39aa0 3975       1       java.util.Locale::getLanguage (8 bytes)
Event: 3.178 Thread 0x0000023242a39aa0 nmethod 3975 0x0000023227569190 code [0x0000023227569320, 0x00000232275693f8]
Event: 3.206 Thread 0x0000023242a39aa0 3976       1       org.springframework.boot.ansi.AnsiColor::toString (5 bytes)
Event: 3.206 Thread 0x0000023242a39aa0 nmethod 3976 0x0000023227569490 code [0x0000023227569620, 0x00000232275696d8]
Event: 3.214 Thread 0x0000023242a39aa0 3977   !   1       java.lang.Class::newInstance (134 bytes)
Event: 3.215 Thread 0x0000023242a39aa0 nmethod 3977 0x0000023227569790 code [0x0000023227569a60, 0x000002322756a588]
Event: 3.215 Thread 0x0000023242a39aa0 3978       1       jdk.internal.reflect.ReflectionFactory::newInstance (13 bytes)
Event: 3.215 Thread 0x0000023242a39aa0 nmethod 3978 0x000002322756ae10 code [0x000002322756afc0, 0x000002322756b0e8]
Event: 3.215 Thread 0x0000023242a39aa0 3979       1       java.lang.reflect.ReflectAccess::newInstance (8 bytes)
Event: 3.216 Thread 0x0000023242a39aa0 nmethod 3979 0x000002322756b210 code [0x000002322756b3a0, 0x000002322756b488]

GC Heap History (20 events):
Event: 0.670 GC heap before
{Heap before GC invocations=0 (full 0):
 garbage-first heap   total 262144K, used 22528K [0x0000000701000000, 0x0000000800000000)
  region size 2048K, 11 young (22528K), 0 survivors (0K)
 Metaspace       used 14735K, capacity 14887K, committed 15232K, reserved 1062912K
  class space    used 1492K, capacity 1547K, committed 1664K, reserved 1048576K
}
Event: 0.675 GC heap after
{Heap after GC invocations=1 (full 0):
 garbage-first heap   total 262144K, used 7105K [0x0000000701000000, 0x0000000800000000)
  region size 2048K, 2 young (4096K), 2 survivors (4096K)
 Metaspace       used 14735K, capacity 14887K, committed 15232K, reserved 1062912K
  class space    used 1492K, capacity 1547K, committed 1664K, reserved 1048576K
}
Event: 0.734 GC heap before
{Heap before GC invocations=1 (full 0):
 garbage-first heap   total 262144K, used 23489K [0x0000000701000000, 0x0000000800000000)
  region size 2048K, 11 young (22528K), 2 survivors (4096K)
 Metaspace       used 15405K, capacity 15632K, committed 15744K, reserved 1062912K
  class space    used 1580K, capacity 1646K, committed 1664K, reserved 1048576K
}
Event: 0.737 GC heap after
{Heap after GC invocations=2 (full 0):
 garbage-first heap   total 262144K, used 7721K [0x0000000701000000, 0x0000000800000000)
  region size 2048K, 1 young (2048K), 1 survivors (2048K)
 Metaspace       used 15405K, capacity 15632K, committed 15744K, reserved 1062912K
  class space    used 1580K, capacity 1646K, committed 1664K, reserved 1048576K
}
Event: 1.058 GC heap before
{Heap before GC invocations=2 (full 0):
 garbage-first heap   total 262144K, used 54825K [0x0000000701000000, 0x0000000800000000)
  region size 2048K, 25 young (51200K), 1 survivors (2048K)
 Metaspace       used 20317K, capacity 20594K, committed 20864K, reserved 1067008K
  class space    used 2289K, capacity 2386K, committed 2432K, reserved 1048576K
}
Event: 1.061 GC heap after
{Heap after GC invocations=3 (full 0):
 garbage-first heap   total 262144K, used 9337K [0x0000000701000000, 0x0000000800000000)
  region size 2048K, 2 young (4096K), 2 survivors (4096K)
 Metaspace       used 20317K, capacity 20594K, committed 20864K, reserved 1067008K
  class space    used 2289K, capacity 2386K, committed 2432K, reserved 1048576K
}
Event: 1.074 GC heap before
{Heap before GC invocations=3 (full 0):
 garbage-first heap   total 262144K, used 9337K [0x0000000701000000, 0x0000000800000000)
  region size 2048K, 3 young (6144K), 2 survivors (4096K)
 Metaspace       used 20903K, capacity 21172K, committed 21248K, reserved 1069056K
  class space    used 2372K, capacity 2492K, committed 2560K, reserved 1048576K
}
Event: 1.076 GC heap after
{Heap after GC invocations=4 (full 0):
 garbage-first heap   total 262144K, used 9283K [0x0000000701000000, 0x0000000800000000)
  region size 2048K, 1 young (2048K), 1 survivors (2048K)
 Metaspace       used 20903K, capacity 21172K, committed 21248K, reserved 1069056K
  class space    used 2372K, capacity 2492K, committed 2560K, reserved 1048576K
}
Event: 1.288 GC heap before
{Heap before GC invocations=5 (full 0):
 garbage-first heap   total 40960K, used 37955K [0x0000000701000000, 0x0000000800000000)
  region size 2048K, 16 young (32768K), 1 survivors (2048K)
 Metaspace       used 26423K, capacity 26718K, committed 27008K, reserved 1073152K
  class space    used 3059K, capacity 3142K, committed 3200K, reserved 1048576K
}
Event: 1.291 GC heap after
{Heap after GC invocations=6 (full 0):
 garbage-first heap   total 45056K, used 10309K [0x0000000701000000, 0x0000000800000000)
  region size 2048K, 2 young (4096K), 2 survivors (4096K)
 Metaspace       used 26423K, capacity 26718K, committed 27008K, reserved 1073152K
  class space    used 3059K, capacity 3142K, committed 3200K, reserved 1048576K
}
Event: 1.295 GC heap before
{Heap before GC invocations=6 (full 0):
 garbage-first heap   total 45056K, used 26693K [0x0000000701000000, 0x0000000800000000)
  region size 2048K, 11 young (22528K), 2 survivors (4096K)
 Metaspace       used 26423K, capacity 26718K, committed 27008K, reserved 1073152K
  class space    used 3059K, capacity 3142K, committed 3200K, reserved 1048576K
}
Event: 1.297 GC heap after
{Heap after GC invocations=7 (full 0):
 garbage-first heap   total 45056K, used 10406K [0x0000000701000000, 0x0000000800000000)
  region size 2048K, 1 young (2048K), 1 survivors (2048K)
 Metaspace       used 26423K, capacity 26718K, committed 27008K, reserved 1073152K
  class space    used 3059K, capacity 3142K, committed 3200K, reserved 1048576K
}
Event: 1.373 GC heap before
{Heap before GC invocations=7 (full 0):
 garbage-first heap   total 45056K, used 26790K [0x0000000701000000, 0x0000000800000000)
  region size 2048K, 10 young (20480K), 1 survivors (2048K)
 Metaspace       used 26917K, capacity 27271K, committed 27392K, reserved 1073152K
  class space    used 3115K, capacity 3241K, committed 3328K, reserved 1048576K
}
Event: 1.375 GC heap after
{Heap after GC invocations=8 (full 0):
 garbage-first heap   total 45056K, used 10914K [0x0000000701000000, 0x0000000800000000)
  region size 2048K, 1 young (2048K), 1 survivors (2048K)
 Metaspace       used 26917K, capacity 27271K, committed 27392K, reserved 1073152K
  class space    used 3115K, capacity 3241K, committed 3328K, reserved 1048576K
}
Event: 1.622 GC heap before
{Heap before GC invocations=8 (full 0):
 garbage-first heap   total 45056K, used 31394K [0x0000000701000000, 0x0000000800000000)
  region size 2048K, 11 young (22528K), 1 survivors (2048K)
 Metaspace       used 28221K, capacity 28588K, committed 28800K, reserved 1075200K
  class space    used 3284K, capacity 3416K, committed 3456K, reserved 1048576K
}
Event: 1.624 GC heap after
{Heap after GC invocations=9 (full 0):
 garbage-first heap   total 45056K, used 12195K [0x0000000701000000, 0x0000000800000000)
  region size 2048K, 2 young (4096K), 2 survivors (4096K)
 Metaspace       used 28221K, capacity 28588K, committed 28800K, reserved 1075200K
  class space    used 3284K, capacity 3416K, committed 3456K, reserved 1048576K
}
Event: 1.811 GC heap before
{Heap before GC invocations=9 (full 0):
 garbage-first heap   total 45056K, used 30627K [0x0000000701000000, 0x0000000800000000)
  region size 2048K, 11 young (22528K), 2 survivors (4096K)
 Metaspace       used 29039K, capacity 29418K, committed 29696K, reserved 1075200K
  class space    used 3419K, capacity 3559K, committed 3584K, reserved 1048576K
}
Event: 1.813 GC heap after
{Heap after GC invocations=10 (full 0):
 garbage-first heap   total 153600K, used 12480K [0x0000000701000000, 0x0000000800000000)
  region size 2048K, 2 young (4096K), 2 survivors (4096K)
 Metaspace       used 29039K, capacity 29418K, committed 29696K, reserved 1075200K
  class space    used 3419K, capacity 3559K, committed 3584K, reserved 1048576K
}
Event: 2.613 GC heap before
{Heap before GC invocations=10 (full 0):
 garbage-first heap   total 153600K, used 71872K [0x0000000701000000, 0x0000000800000000)
  region size 2048K, 32 young (65536K), 2 survivors (4096K)
 Metaspace       used 35208K, capacity 35764K, committed 35840K, reserved 1081344K
  class space    used 4341K, capacity 4544K, committed 4608K, reserved 1048576K
}
Event: 2.620 GC heap after
{Heap after GC invocations=11 (full 0):
 garbage-first heap   total 153600K, used 16682K [0x0000000701000000, 0x0000000800000000)
  region size 2048K, 4 young (8192K), 4 survivors (8192K)
 Metaspace       used 35208K, capacity 35764K, committed 35840K, reserved 1081344K
  class space    used 4341K, capacity 4544K, committed 4608K, reserved 1048576K
}

Deoptimization events (4 events):
Event: 2.117 Thread 0x0000023243ea1fb0 DEOPT PACKING pc=0x0000023227275bf4 sp=0x0000005b2d5fcad0
Event: 2.117 Thread 0x0000023243ea1fb0 DEOPT UNPACKING pc=0x000002322684e23f sp=0x0000005b2d5fc028 mode 0
Event: 2.775 Thread 0x0000023244819a20 DEOPT PACKING pc=0x000002322719d519 sp=0x0000005b2e2fed80
Event: 2.775 Thread 0x0000023244819a20 DEOPT UNPACKING pc=0x000002322684e23f sp=0x0000005b2e2fe1d8 mode 3

Classes unloaded (0 events):
No events

Classes redefined (0 events):
No events

Internal exceptions (20 events):
Event: 2.542 Thread 0x0000023243ea1fb0 Exception <a 'java/lang/ClassNotFoundException'{0x0000000706f01990}: org/springframework/beans/factory/BeanFactoryAwareCustomizer> (0x0000000706f01990) 
thrown [./open/src/hotspot/share/classfile/systemDictionary.cpp, line 295]
Event: 2.542 Thread 0x0000023243ea1fb0 Exception <a 'java/lang/ClassNotFoundException'{0x0000000706f099c0}: org/springframework/beans/factory/AwareCustomizer> (0x0000000706f099c0) 
thrown [./open/src/hotspot/share/classfile/systemDictionary.cpp, line 295]
Event: 2.542 Thread 0x0000023243ea1fb0 Exception <a 'java/lang/ClassNotFoundException'{0x0000000706f107c8}: org/springframework/beans/factory/InitializingBeanCustomizer> (0x0000000706f107c8) 
thrown [./open/src/hotspot/share/classfile/systemDictionary.cpp, line 295]
Event: 2.543 Thread 0x0000023243ea1fb0 Exception <a 'java/lang/ClassNotFoundException'{0x0000000706f18c38}: org/springframework/data/repository/core/support/RepositoryFactoryInformationCustomizer> (0x0000000706f18c38) 
thrown [./open/src/hotspot/share/classfile/systemDictionary.cpp, line 295]
Event: 2.543 Thread 0x0000023243ea1fb0 Exception <a 'java/lang/ClassNotFoundException'{0x0000000706f26200}: org/springframework/beans/factory/FactoryBeanCustomizer> (0x0000000706f26200) 
thrown [./open/src/hotspot/share/classfile/systemDictionary.cpp, line 295]
Event: 2.544 Thread 0x0000023243ea1fb0 Exception <a 'java/lang/ClassNotFoundException'{0x0000000706f31400}: org/springframework/beans/factory/BeanClassLoaderAwareCustomizer> (0x0000000706f31400) 
thrown [./open/src/hotspot/share/classfile/systemDictionary.cpp, line 295]
Event: 2.545 Thread 0x0000023243ea1fb0 Exception <a 'java/lang/ClassNotFoundException'{0x0000000706f38ce0}: org/springframework/beans/factory/AwareCustomizer> (0x0000000706f38ce0) 
thrown [./open/src/hotspot/share/classfile/systemDictionary.cpp, line 295]
Event: 2.545 Thread 0x0000023243ea1fb0 Exception <a 'java/lang/ClassNotFoundException'{0x0000000706f3fa80}: org/springframework/beans/factory/BeanFactoryAwareCustomizer> (0x0000000706f3fa80) 
thrown [./open/src/hotspot/share/classfile/systemDictionary.cpp, line 295]
Event: 2.545 Thread 0x0000023243ea1fb0 Exception <a 'java/lang/ClassNotFoundException'{0x0000000706f47ab0}: org/springframework/beans/factory/AwareCustomizer> (0x0000000706f47ab0) 
thrown [./open/src/hotspot/share/classfile/systemDictionary.cpp, line 295]
Event: 2.546 Thread 0x0000023243ea1fb0 Exception <a 'java/lang/ClassNotFoundException'{0x0000000706f4eaf8}: org/springframework/context/ApplicationEventPublisherAwareCustomizer> (0x0000000706f4eaf8) 
thrown [./open/src/hotspot/share/classfile/systemDictionary.cpp, line 295]
Event: 2.546 Thread 0x0000023243ea1fb0 Exception <a 'java/lang/ClassNotFoundException'{0x0000000706f56b20}: org/springframework/beans/factory/AwareCustomizer> (0x0000000706f56b20) 
thrown [./open/src/hotspot/share/classfile/systemDictionary.cpp, line 295]
Event: 2.550 Thread 0x0000023243ea1fb0 Exception <a 'java/lang/ClassNotFoundException'{0x0000000706f923c0}: java/lang/ObjectCustomizer> (0x0000000706f923c0) 
thrown [./open/src/hotspot/share/classfile/systemDictionary.cpp, line 295]
Event: 2.551 Thread 0x0000023243ea1fb0 Exception <a 'java/lang/ClassNotFoundException'{0x0000000706f9c980}: org/springframework/core/io/support/PropertiesLoaderSupportCustomizer> (0x0000000706f9c980) 
thrown [./open/src/hotspot/share/classfile/systemDictionary.cpp, line 295]
Event: 2.552 Thread 0x0000023243ea1fb0 Exception <a 'java/lang/ClassNotFoundException'{0x0000000706fac2a0}: org/springframework/beans/factory/config/PropertiesFactoryBeanCustomizer> (0x0000000706fac2a0) 
thrown [./open/src/hotspot/share/classfile/systemDictionary.cpp, line 295]
Event: 2.553 Thread 0x0000023243ea1fb0 Exception <a 'java/lang/ClassNotFoundException'{0x0000000706fc38c0}: org/springframework/beans/factory/FactoryBeanCustomizer> (0x0000000706fc38c0) 
thrown [./open/src/hotspot/share/classfile/systemDictionary.cpp, line 295]
Event: 2.553 Thread 0x0000023243ea1fb0 Exception <a 'java/lang/ClassNotFoundException'{0x0000000706fcd070}: org/springframework/beans/factory/InitializingBeanCustomizer> (0x0000000706fcd070) 
thrown [./open/src/hotspot/share/classfile/systemDictionary.cpp, line 295]
Event: 2.600 Thread 0x0000023243fe66f0 Exception <a 'java/lang/reflect/InvocationTargetException'{0x0000000709306600}> (0x0000000709306600) 
thrown [./open/src/hotspot/share/runtime/reflection.cpp, line 1157]
Event: 2.781 Thread 0x0000023243ea1fb0 Exception <a 'java/lang/NoSuchMethodError'{0x00000007049ddaf8}: 'java.lang.Object java.lang.invoke.DirectMethodHandle$Holder.invokeStaticInit(java.lang.Object, java.lang.Object, java.lang.Object, java.lang.Object)'> (0x00000007049ddaf8) 
thrown [./open/src/hotspot/share/interpreter/linkResolver.cpp, line 782]
Event: 2.841 Thread 0x0000023243ea1fb0 Exception <a 'java/lang/NoSuchMethodError'{0x00000007044982e0}: 'int java.lang.invoke.DirectMethodHandle$Holder.invokeSpecial(java.lang.Object, java.lang.Object, java.lang.Object, java.lang.Object, java.lang.Object)'> (0x00000007044982e0) 
thrown [./open/src/hotspot/share/interpreter/linkResolver.cpp, line 782]
Event: 3.152 Thread 0x0000023243fe66f0 Exception <a 'java/lang/reflect/InvocationTargetException'{0x0000000703201e18}> (0x0000000703201e18) 
thrown [./open/src/hotspot/share/runtime/reflection.cpp, line 1157]

Events (20 events):
Event: 2.872 loading class java/util/regex/Pattern$SliceI done
Event: 2.872 loading class java/util/regex/Pattern$1
Event: 2.872 loading class java/util/regex/Pattern$1 done
Event: 2.878 loading class java/util/concurrent/ConcurrentLinkedQueue
Event: 2.878 loading class java/util/concurrent/ConcurrentLinkedQueue done
Event: 2.878 loading class java/util/concurrent/ConcurrentLinkedQueue$Node
Event: 2.878 loading class java/util/concurrent/ConcurrentLinkedQueue$Node done
Event: 2.882 Thread 0x0000023244819080 Thread added: 0x0000023244819080
Event: 2.911 loading class java/lang/instrument/ClassFileTransformer
Event: 2.912 loading class java/lang/instrument/ClassFileTransformer done
Event: 2.945 loading class java/util/IllegalFormatException
Event: 2.945 loading class java/util/IllegalFormatException done
Event: 3.033 loading class java/lang/Process
Event: 3.033 loading class java/lang/Process done
Event: 3.049 loading class java/lang/reflect/GenericSignatureFormatError
Event: 3.049 loading class java/lang/reflect/GenericSignatureFormatError done
Event: 3.073 loading class java/io/Console
Event: 3.074 loading class java/io/Console done
Event: 3.215 loading class java/util/UUID$Holder
Event: 3.215 loading class java/util/UUID$Holder done


Dynamic libraries:
0x00007ff653d10000 - 0x00007ff653d1d000 	C:\Users\yuxin\Downloads\sts-4.10.0.RELEASE\plugins\org.eclipse.justj.openjdk.hotspot.jre.full.win32.x86_64_15.0.2.v20210201-0955\jre\bin\javaw.exe
0x00007ffe2c870000 - 0x00007ffe2ca65000 	C:\Windows\SYSTEM32\ntdll.dll
0x00007ffe2c360000 - 0x00007ffe2c41e000 	C:\Windows\System32\KERNEL32.DLL
0x00007ffe2a400000 - 0x00007ffe2a6c8000 	C:\Windows\System32\KERNELBASE.dll
0x00007ffe2a250000 - 0x00007ffe2a350000 	C:\Windows\System32\ucrtbase.dll
0x00007ffe27b80000 - 0x00007ffe27b99000 	C:\Users\yuxin\Downloads\sts-4.10.0.RELEASE\plugins\org.eclipse.justj.openjdk.hotspot.jre.full.win32.x86_64_15.0.2.v20210201-0955\jre\bin\VCRUNTIME140.dll
0x00007ffe27f90000 - 0x00007ffe27fa8000 	C:\Users\yuxin\Downloads\sts-4.10.0.RELEASE\plugins\org.eclipse.justj.openjdk.hotspot.jre.full.win32.x86_64_15.0.2.v20210201-0955\jre\bin\jli.dll
0x00007ffe2c560000 - 0x00007ffe2c700000 	C:\Windows\System32\USER32.dll
0x00007ffe29fc0000 - 0x00007ffe29fe2000 	C:\Windows\System32\win32u.dll
0x00007ffe29290000 - 0x00007ffe2952a000 	C:\Windows\WinSxS\amd64_microsoft.windows.common-controls_6595b64144ccf1df_6.0.19041.1110_none_60b5254171f9507e\COMCTL32.dll
0x00007ffe2ab40000 - 0x00007ffe2ab6a000 	C:\Windows\System32\GDI32.dll
0x00007ffe2b5a0000 - 0x00007ffe2b63e000 	C:\Windows\System32\msvcrt.dll
0x00007ffe2a770000 - 0x00007ffe2a87b000 	C:\Windows\System32\gdi32full.dll
0x00007ffe2a6d0000 - 0x00007ffe2a76d000 	C:\Windows\System32\msvcp_win.dll
0x00007ffe2c270000 - 0x00007ffe2c2a0000 	C:\Windows\System32\IMM32.DLL
0x00007ffe27d10000 - 0x00007ffe27d1c000 	C:\Users\yuxin\Downloads\sts-4.10.0.RELEASE\plugins\org.eclipse.justj.openjdk.hotspot.jre.full.win32.x86_64_15.0.2.v20210201-0955\jre\bin\vcruntime140_1.dll
0x00007ffe12900000 - 0x00007ffe12991000 	C:\Users\yuxin\Downloads\sts-4.10.0.RELEASE\plugins\org.eclipse.justj.openjdk.hotspot.jre.full.win32.x86_64_15.0.2.v20210201-0955\jre\bin\msvcp140.dll
0x00007ffd9f950000 - 0x00007ffda04ae000 	C:\Users\yuxin\Downloads\sts-4.10.0.RELEASE\plugins\org.eclipse.justj.openjdk.hotspot.jre.full.win32.x86_64_15.0.2.v20210201-0955\jre\bin\server\jvm.dll
0x00007ffe2c2a0000 - 0x00007ffe2c34e000 	C:\Windows\System32\ADVAPI32.dll
0x00007ffe2b640000 - 0x00007ffe2b6dc000 	C:\Windows\System32\sechost.dll
0x00007ffe2c0c0000 - 0x00007ffe2c1e5000 	C:\Windows\System32\RPCRT4.dll
0x00007ffe2c550000 - 0x00007ffe2c558000 	C:\Windows\System32\PSAPI.DLL
0x00007ffe20580000 - 0x00007ffe2058a000 	C:\Windows\SYSTEM32\VERSION.dll
0x00007ffe136d0000 - 0x00007ffe136d9000 	C:\Windows\SYSTEM32\WSOCK32.dll
0x00007ffe15980000 - 0x00007ffe159a7000 	C:\Windows\SYSTEM32\WINMM.dll
0x00007ffe2bfc0000 - 0x00007ffe2c02b000 	C:\Windows\System32\WS2_32.dll
0x00007ffe27080000 - 0x00007ffe27092000 	C:\Windows\SYSTEM32\kernel.appcore.dll
0x00007ffe27f80000 - 0x00007ffe27f8a000 	C:\Users\yuxin\Downloads\sts-4.10.0.RELEASE\plugins\org.eclipse.justj.openjdk.hotspot.jre.full.win32.x86_64_15.0.2.v20210201-0955\jre\bin\jimage.dll
0x00007ffe298c0000 - 0x00007ffe29aa4000 	C:\Windows\SYSTEM32\DBGHELP.DLL
0x00007ffe29630000 - 0x00007ffe2965c000 	C:\Windows\SYSTEM32\dbgcore.DLL
0x00007ffe29ff0000 - 0x00007ffe2a072000 	C:\Windows\System32\bcryptPrimitives.dll
0x00007ffe24590000 - 0x00007ffe245b5000 	C:\Users\yuxin\Downloads\sts-4.10.0.RELEASE\plugins\org.eclipse.justj.openjdk.hotspot.jre.full.win32.x86_64_15.0.2.v20210201-0955\jre\bin\java.dll
0x00007ffe0a210000 - 0x00007ffe0a228000 	C:\Users\yuxin\Downloads\sts-4.10.0.RELEASE\plugins\org.eclipse.justj.openjdk.hotspot.jre.full.win32.x86_64_15.0.2.v20210201-0955\jre\bin\zip.dll
0x00007ffe2b7c0000 - 0x00007ffe2bf04000 	C:\Windows\System32\SHELL32.dll
0x00007ffe273b0000 - 0x00007ffe27b44000 	C:\Windows\SYSTEM32\windows.storage.dll
0x00007ffe2ab70000 - 0x00007ffe2aec4000 	C:\Windows\System32\combase.dll
0x00007ffe29150000 - 0x00007ffe2917c000 	C:\Windows\SYSTEM32\Wldp.dll
0x00007ffe2b080000 - 0x00007ffe2b12d000 	C:\Windows\System32\SHCORE.dll
0x00007ffe2a9f0000 - 0x00007ffe2aa45000 	C:\Windows\System32\shlwapi.dll
0x00007ffe29ed0000 - 0x00007ffe29eef000 	C:\Windows\SYSTEM32\profapi.dll
0x00007ffe0a1f0000 - 0x00007ffe0a209000 	C:\Users\yuxin\Downloads\sts-4.10.0.RELEASE\plugins\org.eclipse.justj.openjdk.hotspot.jre.full.win32.x86_64_15.0.2.v20210201-0955\jre\bin\net.dll
0x00007ffe21fe0000 - 0x00007ffe220ea000 	C:\Windows\SYSTEM32\WINHTTP.dll
0x00007ffe29190000 - 0x00007ffe291fa000 	C:\Windows\system32\mswsock.dll
0x00007ffe0a1d0000 - 0x00007ffe0a1e2000 	C:\Users\yuxin\Downloads\sts-4.10.0.RELEASE\plugins\org.eclipse.justj.openjdk.hotspot.jre.full.win32.x86_64_15.0.2.v20210201-0955\jre\bin\nio.dll
0x00007ffe27de0000 - 0x00007ffe27de9000 	C:\Users\yuxin\Downloads\sts-4.10.0.RELEASE\plugins\org.eclipse.justj.openjdk.hotspot.jre.full.win32.x86_64_15.0.2.v20210201-0955\jre\bin\management.dll
0x00007ffe27dd0000 - 0x00007ffe27ddb000 	C:\Users\yuxin\Downloads\sts-4.10.0.RELEASE\plugins\org.eclipse.justj.openjdk.hotspot.jre.full.win32.x86_64_15.0.2.v20210201-0955\jre\bin\management_ext.dll
0x00007ffe0ef10000 - 0x00007ffe0ef27000 	C:\Windows\system32\napinsp.dll
0x00007ffe0eed0000 - 0x00007ffe0eeeb000 	C:\Windows\system32\pnrpnsp.dll
0x00007ffe231b0000 - 0x00007ffe231c5000 	C:\Windows\system32\wshbth.dll
0x00007ffe24d10000 - 0x00007ffe24d2d000 	C:\Windows\system32\NLAapi.dll
0x00007ffe28cc0000 - 0x00007ffe28cfb000 	C:\Windows\SYSTEM32\IPHLPAPI.DLL
0x00007ffe28d00000 - 0x00007ffe28dcb000 	C:\Windows\SYSTEM32\DNSAPI.dll
0x00007ffe2c350000 - 0x00007ffe2c358000 	C:\Windows\System32\NSI.dll
0x00007ffe0eeb0000 - 0x00007ffe0eec2000 	C:\Windows\System32\winrnr.dll
0x00007ffe1b8f0000 - 0x00007ffe1b8fa000 	C:\Windows\System32\rasadhlp.dll
0x00007ffe21a40000 - 0x00007ffe21abf000 	C:\Windows\System32\fwpuclnt.dll
0x00007ffe29f90000 - 0x00007ffe29fb7000 	C:\Windows\System32\bcrypt.dll
0x00007ffe29c50000 - 0x00007ffe29c68000 	C:\Windows\SYSTEM32\CRYPTSP.dll
0x00007ffe28970000 - 0x00007ffe289a4000 	C:\Windows\system32\rsaenh.dll
0x00007ffe29e90000 - 0x00007ffe29ebe000 	C:\Windows\SYSTEM32\USERENV.dll
0x00007ffe29030000 - 0x00007ffe2903c000 	C:\Windows\SYSTEM32\CRYPTBASE.dll
0x00007ffe227a0000 - 0x00007ffe227b7000 	C:\Windows\SYSTEM32\dhcpcsvc6.DLL
0x00007ffe22780000 - 0x00007ffe2279d000 	C:\Windows\SYSTEM32\dhcpcsvc.DLL
0x00007ffe24fe0000 - 0x00007ffe24ff0000 	C:\Users\yuxin\Downloads\sts-4.10.0.RELEASE\plugins\org.eclipse.justj.openjdk.hotspot.jre.full.win32.x86_64_15.0.2.v20210201-0955\jre\bin\verify.dll

dbghelp: loaded successfully - version: 4.0.5 - missing functions: none
symbol engine: initialized successfully - sym options: 0x614 - pdb path: .;C:\Users\yuxin\Downloads\sts-4.10.0.RELEASE\plugins\org.eclipse.justj.openjdk.hotspot.jre.full.win32.x86_64_15.0.2.v20210201-0955\jre\bin;C:\Windows\SYSTEM32;C:\Windows\WinSxS\amd64_microsoft.windows.common-controls_6595b64144ccf1df_6.0.19041.1110_none_60b5254171f9507e;C:\Users\yuxin\Downloads\sts-4.10.0.RELEASE\plugins\org.eclipse.justj.openjdk.hotspot.jre.full.win32.x86_64_15.0.2.v20210201-0955\jre\bin\server

VM Arguments:
jvm_args: -Dcom.sun.management.jmxremote -Dcom.sun.management.jmxremote.port=5267 -Dcom.sun.management.jmxremote.authenticate=false -Dcom.sun.management.jmxremote.ssl=false -Djava.rmi.server.hostname=localhost -Dspring.jmx.enabled=true -Dspring.application.admin.enabled=true -XX:TieredStopAtLevel=1 -Dspring.boot.project.name=customer-management-system -Dfile.encoding=UTF-8 -XX:+ShowCodeDetailsInExceptionMessages 
java_command: com.example.demo.CustomerManagementSystemApplication --spring.output.ansi.enabled=always
java_class_path (initial): C:\Users\yuxin\Documents\workspace-spring-tool-suite-4-4.10.0.RELEASE\customer-management-system\target\classes;C:\Users\yuxin\.m2\repository\org\springframework\boot\spring-boot-starter-actuator\2.6.2\spring-boot-starter-actuator-2.6.2.jar;C:\Users\yuxin\.m2\repository\org\springframework\boot\spring-boot-starter\2.6.2\spring-boot-starter-2.6.2.jar;C:\Users\yuxin\.m2\repository\org\springframework\boot\spring-boot-starter-logging\2.6.2\spring-boot-starter-logging-2.6.2.jar;C:\Users\yuxin\.m2\repository\ch\qos\logback\logback-classic\1.2.9\logback-classic-1.2.9.jar;C:\Users\yuxin\.m2\repository\ch\qos\logback\logback-core\1.2.9\logback-core-1.2.9.jar;C:\Users\yuxin\.m2\repository\org\apache\logging\log4j\log4j-to-slf4j\2.17.0\log4j-to-slf4j-2.17.0.jar;C:\Users\yuxin\.m2\repository\org\apache\logging\log4j\log4j-api\2.17.0\log4j-api-2.17.0.jar;C:\Users\yuxin\.m2\repository\org\slf4j\jul-to-slf4j\1.7.32\jul-to-slf4j-1.7.32.jar;C:\Users\yuxin\.m2\repository\jakarta\annotation\jakarta.annotation-api\1.3.5\jakarta.annotation-api-1.3.5.jar;C:\Users\yuxin\.m2\repository\org\yaml\snakeyaml\1.29\snakeyaml-1.29.jar;C:\Users\yuxin\.m2\repository\org\springframework\boot\spring-boot-actuator-autoconfigure\2.6.2\spring-boot-actuator-autoconfigure-2.6.2.jar;C:\Users\yuxin\.m2\repository\org\springframework\boot\spring-boot-actuator\2.6.2\spring-boot-actuator-2.6.2.jar;C:\Users\yuxin\.m2\repository\com\fasterxml\jackson\core\jackson-databind\2.13.1\jackson-databind-2.13.1.jar;C:\Users\yuxin\.m2\repository\com\fasterxml\jackson\core\jackson-annotations\2.13.1\jackson-annotations-2.13.1.jar;C:\Users\yuxin\.m2\repository\com\fasterxml\jackson\core\jackson-core\2.13.1\jackson-core-2.13.1.jar;C:\Users\yuxin\.m2\repository\com\fasterxml\jackson\datatype\jackson-datatype-jsr310\2.13.1\jackson-datatype-jsr310-2.13.1.jar;C:\Users\yuxin\.m2\repository\io\micrometer\micrometer-core\1.8.1\micrometer-core-1.8.1.jar;C:\Users\yuxin\.m2\repository\org\hdrhistogram\Hdr
Launcher Type: SUN_STANDARD

[Global flags]
     intx CICompilerCount                          = 4                                         {product} {ergonomic}
     uint ConcGCThreads                            = 3                                         {product} {ergonomic}
     uint G1ConcRefinementThreads                  = 10                                        {product} {ergonomic}
   size_t G1HeapRegionSize                         = 2097152                                   {product} {ergonomic}
    uintx GCDrainStackTargetSize                   = 64                                        {product} {ergonomic}
   size_t InitialHeapSize                          = 268435456                                 {product} {ergonomic}
     bool ManagementServer                         = true                                      {product} {command line}
   size_t MarkStackSize                            = 4194304                                   {product} {ergonomic}
   size_t MaxHeapSize                              = 4278190080                                {product} {ergonomic}
   size_t MaxNewSize                               = 2566914048                                {product} {ergonomic}
   size_t MinHeapDeltaBytes                        = 2097152                                   {product} {ergonomic}
   size_t MinHeapSize                              = 8388608                                   {product} {ergonomic}
    uintx NonNMethodCodeHeapSize                   = 7549744                                {pd product} {ergonomic}
    uintx NonProfiledCodeHeapSize                  = 244108496                              {pd product} {ergonomic}
    uintx ProfiledCodeHeapSize                     = 0                                      {pd product} {ergonomic}
    uintx ReservedCodeCacheSize                    = 251658240                              {pd product} {ergonomic}
     bool SegmentedCodeCache                       = true                                      {product} {ergonomic}
     bool ShowCodeDetailsInExceptionMessages       = true                                   {manageable} {command line}
   size_t SoftMaxHeapSize                          = 4278190080                             {manageable} {ergonomic}
     intx TieredStopAtLevel                        = 1                                         {product} {command line}
     bool UseCompressedClassPointers               = true                                 {lp64_product} {ergonomic}
     bool UseCompressedOops                        = true                                 {lp64_product} {ergonomic}
     bool UseG1GC                                  = true                                      {product} {ergonomic}
     bool UseLargePagesIndividualAllocation        = false                                  {pd product} {ergonomic}

Logging:
Log output configuration:
 #0: stdout all=warning uptime,level,tags
 #1: stderr all=off uptime,level,tags

Environment Variables:
JAVA_HOME=C:\Program Files\Java\jdk1.8.0_301
PATH=C:/Users/yuxin/Downloads/sts-4.10.0.RELEASE//plugins/org.eclipse.justj.openjdk.hotspot.jre.full.win32.x86_64_15.0.2.v20210201-0955/jre/bin/server;C:/Users/yuxin/Downloads/sts-4.10.0.RELEASE//plugins/org.eclipse.justj.openjdk.hotspot.jre.full.win32.x86_64_15.0.2.v20210201-0955/jre/bin;C:\Program Files (x86)\Common Files\Oracle\Java\javapath;C:\Python39\Scripts\;C:\Python39\;C:\Windows\system32;C:\Windows;C:\Windows\System32\Wbem;C:\Windows\System32\WindowsPowerShell\v1.0\;C:\Windows\System32\OpenSSH\;C:\Program Files\Git\cmd;C:\Program Files\nodejs\;C:\ProgramData\chocolatey\bin;C:\Program Files\Docker\Docker\resources\bin;C:\ProgramData\DockerDesktop\version-bin;C:\Program Files\MongoDB\Server\5.0\bin;C:\curl-for-win-main;C:\Program Files\OpenSSL-Win64\bin;C:\Program Files\NVIDIA Corporation\NVIDIA NvDLISR;C:\Program Files\Java\jdk1.8.0_301\bin;C:\Program Files\Java\jre1.8.0_311\bin;C:\Program Files\apache-maven-3.8.5\bin;C:\Users\yuxin\AppData\Local\Microsoft\WindowsApps;C:\Users\yuxin\AppData\Local\Programs\Microsoft VS Code\bin;C:\Users\yuxin\AppData\Roaming\npm;C:\Program Files\MongoDB\Server\5.0\bin;C:\curl-for-win-main;C:\Program Files\OpenSSL-Win64\bin;C:\Program Files\Java\jre1.8.0_311\bin;C:\Program Files\Java\jdk1.8.0_301\bin;C:\Program Files\apache-maven-3.8.5\bin;C:\Windows\system32;C:\Windows;C:\Windows\System32\Wbem;;C:\Users\yuxin\Downloads\sts-4.10.0.RELEASE;
USERNAME=yuxin
OS=Windows_NT
PROCESSOR_IDENTIFIER=AMD64 Family 23 Model 8 Stepping 2, AuthenticAMD



---------------  S Y S T E M  ---------------

OS:
 Windows 10 , 64 bit Build 19041 (10.0.19041.1645)
OS uptime: 0 days 17:28 hours
HyperV virtualization detected

CPU: total 12 (initial active 12) (12 cores per cpu, 2 threads per core) family 23 model 8 stepping 2 microcode 0x0, cmov, cx8, fxsr, mmx, sse, sse2, sse3, ssse3, sse4.1, sse4.2, popcnt, vzeroupper, avx, avx2, aes, clmul, 3dnowpref, lzcnt, sse4a, ht, tsc, tscinvbit, tscinv, bmi1, bmi2, adx, sha, fma, clflush, clflushopt

Memory: 4k page, system-wide physical 16316M (5194M free)
TotalPageFile size 48060M (AvailPageFile size 21621M)
current process WorkingSet (physical memory assigned to process): 176M, peak: 193M
current process commit charge ("private bytes"): 218M, peak: 369M

vm_info: OpenJDK 64-Bit Server VM (15.0.2+7-27) for windows-amd64 JRE (15.0.2+7-27), built on Dec  7 2020 20:02:38 by "mach5one" with unknown MS VC++:1925

END.
